<?xml version="1.0" encoding="UTF-8"?>
<!-- Generated by org.testng.reporters.JUnitReportReporter -->
<testsuite skipped="0" hostname="LNLA010P3014" name="pckg.TestNGDemo2" tests="3" failures="0" timestamp="2020-08-17T19:05:47 IST" time="0.024" errors="0">
  <testcase name="testLogin" time="0.004" classname="pckg.TestNGDemo2"/>
  <testcase name="testLogin" time="0.003" classname="pckg.TestNGDemo2"/>
  <testcase name="testLogin" time="0.017" classname="pckg.TestNGDemo2"/>
</testsuite> <!-- pckg.TestNGDemo2 -->
