<?xml version="1.0" encoding="UTF-8"?>
<!-- Generated by org.testng.reporters.JUnitReportReporter -->
<testsuite skipped="0" hostname="LNLA010P3014" name="pckg.TestNGDemo1" tests="3" failures="0" timestamp="2020-08-17T19:05:47 IST" time="0.044" errors="0">
  <testcase name="testRegister" time="0.027" classname="pckg.TestNGDemo1"/>
  <testcase name="testlogin" time="0.004" classname="pckg.TestNGDemo1"/>
  <testcase name="testHomePage" time="0.013" classname="pckg.TestNGDemo1"/>
</testsuite> <!-- pckg.TestNGDemo1 -->
